This file contains any messages produced by compilers while
running configure, to aid debugging if configure makes a mistake.

It was created by MUMmer configure 4.0.0rc1, which was
generated by GNU Autoconf 2.69.  Invocation command line was

  $ ./configure 

## --------- ##
## Platform. ##
## --------- ##

hostname = Phillips-MacBook-Pro.local
uname -m = x86_64
uname -r = 18.7.0
uname -s = Darwin
uname -v = Darwin Kernel Version 18.7.0: Tue Jun 22 19:37:08 PDT 2021; root:xnu-4903.278.70~1/RELEASE_X86_64

/usr/bin/uname -p = i386
/bin/uname -X     = unknown

/bin/arch              = unknown
/usr/bin/arch -k       = unknown
/usr/convex/getsysinfo = unknown
/usr/bin/hostinfo      = Mach kernel version:
	 Darwin Kernel Version 18.7.0: Tue Jun 22 19:37:08 PDT 2021; root:xnu-4903.278.70~1/RELEASE_X86_64
Kernel configured for up to 4 processors.
2 processors are physically available.
4 processors are logically available.
Processor type: x86_64h (Intel x86-64h Haswell)
Processors active: 0 1 2 3
Primary memory available: 8.00 gigabytes
Default processor set: 383 tasks, 1792 threads, 4 processors
Load average: 2.44, Mach factor: 1.56
/bin/machine           = unknown
/usr/bin/oslevel       = unknown
/bin/universe          = unknown

PATH: /Users/phillipcompeau/Desktop/hillipcompeau/anaconda_ete/bin
PATH: /anaconda3/bin
PATH: /anaconda3/condabin
PATH: /Library/Frameworks/Python.framework/Versions/2.7/bin
PATH: /Library/Frameworks/Python.framework/Versions/3.7/bin
PATH: /usr/local/bin
PATH: /usr/bin
PATH: /bin
PATH: /usr/sbin
PATH: /sbin
PATH: /Library/TeX/texbin
PATH: /usr/local/go/bin
PATH: /opt/X11/bin


## ----------- ##
## Core tests. ##
## ----------- ##

configure:2414: checking build system type
configure:2428: result: x86_64-apple-darwin18.7.0
configure:2448: checking host system type
configure:2461: result: x86_64-apple-darwin18.7.0
configure:2498: checking for a BSD-compatible install
configure:2566: result: /usr/bin/install -c
configure:2577: checking whether build environment is sane
configure:2632: result: yes
configure:2783: checking for a thread-safe mkdir -p
configure:2822: result: ./install-sh -c -d
configure:2829: checking for gawk
configure:2859: result: no
configure:2829: checking for mawk
configure:2859: result: no
configure:2829: checking for nawk
configure:2859: result: no
configure:2829: checking for awk
configure:2845: found /usr/bin/awk
configure:2856: result: awk
configure:2867: checking whether make sets $(MAKE)
configure:2889: result: yes
configure:2918: checking whether make supports nested variables
configure:2935: result: yes
configure:3072: checking whether make supports nested variables
configure:3089: result: yes
configure:3149: checking how to print strings
configure:3176: result: printf
configure:3209: checking for style of include used by make
configure:3237: result: GNU
configure:3308: checking for gcc
configure:3324: found /usr/bin/gcc
configure:3335: result: gcc
configure:3564: checking for C compiler version
configure:3573: gcc --version >&5
Apple LLVM version 10.0.1 (clang-1001.0.46.4)
Target: x86_64-apple-darwin18.7.0
Thread model: posix
InstalledDir: /Library/Developer/CommandLineTools/usr/bin
Configured with: --prefix=/Library/Developer/CommandLineTools/usr --with-gxx-include-dir=/Library/Developer/CommandLineTools/SDKs/MacOSX10.14.sdk/usr/include/c++/4.2.1
configure:3584: $? = 0
configure:3573: gcc -v >&5
Configured with: --prefix=/Library/Developer/CommandLineTools/usr --with-gxx-include-dir=/Library/Developer/CommandLineTools/SDKs/MacOSX10.14.sdk/usr/include/c++/4.2.1
Apple LLVM version 10.0.1 (clang-1001.0.46.4)
Target: x86_64-apple-darwin18.7.0
Thread model: posix
InstalledDir: /Library/Developer/CommandLineTools/usr/bin
configure:3584: $? = 0
configure:3573: gcc -V >&5
clang: error: unsupported option '-V -Wno-atomic-implicit-seq-cst'
clang: error: no input files
configure:3584: $? = 1
configure:3573: gcc -qversion >&5
clang: error: unknown argument '-qversion', did you mean '--version'?
clang: error: no input files
configure:3584: $? = 1
configure:3604: checking whether the C compiler works
configure:3626: gcc    conftest.c  >&5
configure:3630: $? = 0
configure:3678: result: yes
configure:3681: checking for C compiler default output file name
configure:3683: result: a.out
configure:3689: checking for suffix of executables
configure:3696: gcc -o conftest    conftest.c  >&5
configure:3700: $? = 0
configure:3722: result: 
configure:3744: checking whether we are cross compiling
configure:3752: gcc -o conftest    conftest.c  >&5
configure:3756: $? = 0
configure:3763: ./conftest
configure:3767: $? = 0
configure:3782: result: no
configure:3787: checking for suffix of object files
configure:3809: gcc -c   conftest.c >&5
configure:3813: $? = 0
configure:3834: result: o
configure:3838: checking whether we are using the GNU C compiler
configure:3857: gcc -c   conftest.c >&5
configure:3857: $? = 0
configure:3866: result: yes
configure:3875: checking whether gcc accepts -g
configure:3895: gcc -c -g  conftest.c >&5
configure:3895: $? = 0
configure:3936: result: yes
configure:3953: checking for gcc option to accept ISO C89
configure:4016: gcc  -c -g -O2  conftest.c >&5
configure:4016: $? = 0
configure:4029: result: none needed
configure:4054: checking whether gcc understands -c and -o together
configure:4076: gcc -c conftest.c -o conftest2.o
configure:4079: $? = 0
configure:4076: gcc -c conftest.c -o conftest2.o
configure:4079: $? = 0
configure:4091: result: yes
configure:4110: checking dependency style of gcc
configure:4221: result: gcc3
configure:4236: checking for a sed that does not truncate output
configure:4300: result: /usr/bin/sed
configure:4318: checking for grep that handles long lines and -e
configure:4376: result: /usr/bin/grep
configure:4381: checking for egrep
configure:4443: result: /usr/bin/grep -E
configure:4448: checking for fgrep
configure:4510: result: /usr/bin/grep -F
configure:4545: checking for ld used by gcc
configure:4612: result: /Library/Developer/CommandLineTools/usr/bin/ld
configure:4619: checking if the linker (/Library/Developer/CommandLineTools/usr/bin/ld) is GNU ld
configure:4634: result: no
configure:4646: checking for BSD- or MS-compatible name lister (nm)
configure:4695: result: /usr/bin/nm -B
configure:4825: checking the name lister (/usr/bin/nm -B) interface
configure:4832: gcc -c -g -O2  conftest.c >&5
configure:4835: /usr/bin/nm -B "conftest.o"
configure:4838: output
00000000000001e4 S _some_variable
configure:4845: result: BSD nm
configure:4848: checking whether ln -s works
configure:4852: result: yes
configure:4860: checking the maximum length of command line arguments
configure:4990: result: 196608
configure:5007: checking whether the shell understands some XSI constructs
configure:5017: result: yes
configure:5021: checking whether the shell understands "+="
configure:5027: result: yes
configure:5062: checking how to convert x86_64-apple-darwin18.7.0 file names to x86_64-apple-darwin18.7.0 format
configure:5102: result: func_convert_file_noop
configure:5109: checking how to convert x86_64-apple-darwin18.7.0 file names to toolchain format
configure:5129: result: func_convert_file_noop
configure:5136: checking for /Library/Developer/CommandLineTools/usr/bin/ld option to reload object files
configure:5143: result: -r
configure:5217: checking for objdump
configure:5233: found /usr/bin/objdump
configure:5244: result: objdump
configure:5276: checking how to recognize dependent libraries
configure:5478: result: pass_all
configure:5563: checking for dlltool
configure:5593: result: no
configure:5623: checking how to associate runtime and link libraries
configure:5650: result: printf %s\n
configure:5711: checking for ar
configure:5727: found /usr/bin/ar
configure:5738: result: ar
configure:5775: checking for archiver @FILE support
configure:5792: gcc -c -g -O2  conftest.c >&5
configure:5792: $? = 0
configure:5795: ar cru libconftest.a @conftest.lst >&5
ar: @conftest.lst: No such file or directory
configure:5798: $? = 1
configure:5818: result: no
configure:5876: checking for strip
configure:5892: found /usr/bin/strip
configure:5903: result: strip
configure:5975: checking for ranlib
configure:5991: found /usr/bin/ranlib
configure:6002: result: ranlib
configure:6104: checking command to parse /usr/bin/nm -B output from gcc object
configure:6224: gcc -c -g -O2  conftest.c >&5
configure:6227: $? = 0
configure:6231: /usr/bin/nm -B conftest.o \| sed -n -e 's/^.*[ ]\([BCDEGRST][BCDEGRST]*\)[ ][ ]*\([_A-Za-z][_A-Za-z0-9]*\)$/\1 \2 \2/p' | sed '/ __gnu_lto/d' \> conftest.nm
configure:6234: $? = 0
cannot find nm_test_var in conftest.nm
configure:6224: gcc -c -g -O2  conftest.c >&5
configure:6227: $? = 0
configure:6231: /usr/bin/nm -B conftest.o \| sed -n -e 's/^.*[ ]\([BCDEGRST][BCDEGRST]*\)[ ][ ]*_\([_A-Za-z][_A-Za-z0-9]*\)$/\1 _\2 \2/p' | sed '/ __gnu_lto/d' \> conftest.nm
configure:6234: $? = 0
configure:6300: gcc -o conftest -g -O2   conftest.c conftstm.o >&5
warning: (x86_64)  could not find object file symbol for symbol _main
configure:6303: $? = 0
configure:6341: result: ok
configure:6378: checking for sysroot
configure:6408: result: no
configure:6664: checking for mt
configure:6694: result: no
configure:6714: checking if : is a manifest tool
configure:6720: : '-?'
configure:6728: result: no
configure:6784: checking for dsymutil
configure:6800: found /usr/bin/dsymutil
configure:6811: result: dsymutil
configure:6876: checking for nmedit
configure:6892: found /usr/bin/nmedit
configure:6903: result: nmedit
configure:6968: checking for lipo
configure:6984: found /usr/bin/lipo
configure:6995: result: lipo
configure:7060: checking for otool
configure:7076: found /usr/bin/otool
configure:7087: result: otool
configure:7152: checking for otool64
configure:7182: result: no
configure:7227: checking for -single_module linker flag
gcc -g -O2  -o libconftest.dylib -dynamiclib -Wl,-single_module conftest.c
configure:7260: result: yes
configure:7263: checking for -exported_symbols_list linker flag
configure:7283: gcc -o conftest -g -O2   -Wl,-exported_symbols_list,conftest.sym conftest.c  >&5
configure:7283: $? = 0
configure:7293: result: yes
configure:7296: checking for -force_load linker flag
gcc -g -O2 -c -o conftest.o conftest.c
ar cru libconftest.a conftest.o
ranlib libconftest.a
gcc -g -O2  -o conftest conftest.c -Wl,-force_load,./libconftest.a
configure:7328: result: yes
configure:7370: checking how to run the C preprocessor
configure:7401: gcc -E  conftest.c
configure:7401: $? = 0
configure:7415: gcc -E  conftest.c
conftest.c:11:10: fatal error: 'ac_nonexistent.h' file not found
#include <ac_nonexistent.h>
         ^~~~~~~~~~~~~~~~~~
1 error generated.
configure:7415: $? = 1
configure: failed program was:
| /* confdefs.h */
| #define PACKAGE_NAME "MUMmer"
| #define PACKAGE_TARNAME "mummer"
| #define PACKAGE_VERSION "4.0.0rc1"
| #define PACKAGE_STRING "MUMmer 4.0.0rc1"
| #define PACKAGE_BUGREPORT "alekseyz@jhu.edu"
| #define PACKAGE_URL ""
| #define PACKAGE "mummer"
| #define VERSION "4.0.0rc1"
| /* end confdefs.h.  */
| #include <ac_nonexistent.h>
configure:7440: result: gcc -E
configure:7460: gcc -E  conftest.c
configure:7460: $? = 0
configure:7474: gcc -E  conftest.c
conftest.c:11:10: fatal error: 'ac_nonexistent.h' file not found
#include <ac_nonexistent.h>
         ^~~~~~~~~~~~~~~~~~
1 error generated.
configure:7474: $? = 1
configure: failed program was:
| /* confdefs.h */
| #define PACKAGE_NAME "MUMmer"
| #define PACKAGE_TARNAME "mummer"
| #define PACKAGE_VERSION "4.0.0rc1"
| #define PACKAGE_STRING "MUMmer 4.0.0rc1"
| #define PACKAGE_BUGREPORT "alekseyz@jhu.edu"
| #define PACKAGE_URL ""
| #define PACKAGE "mummer"
| #define VERSION "4.0.0rc1"
| /* end confdefs.h.  */
| #include <ac_nonexistent.h>
configure:7503: checking for ANSI C header files
configure:7523: gcc -c -g -O2  conftest.c >&5
configure:7523: $? = 0
configure:7596: gcc -o conftest -g -O2   conftest.c  >&5
configure:7596: $? = 0
configure:7596: ./conftest
configure:7596: $? = 0
configure:7607: result: yes
configure:7620: checking for sys/types.h
configure:7620: gcc -c -g -O2  conftest.c >&5
configure:7620: $? = 0
configure:7620: result: yes
configure:7620: checking for sys/stat.h
configure:7620: gcc -c -g -O2  conftest.c >&5
configure:7620: $? = 0
configure:7620: result: yes
configure:7620: checking for stdlib.h
configure:7620: gcc -c -g -O2  conftest.c >&5
configure:7620: $? = 0
configure:7620: result: yes
configure:7620: checking for string.h
configure:7620: gcc -c -g -O2  conftest.c >&5
configure:7620: $? = 0
configure:7620: result: yes
configure:7620: checking for memory.h
configure:7620: gcc -c -g -O2  conftest.c >&5
configure:7620: $? = 0
configure:7620: result: yes
configure:7620: checking for strings.h
configure:7620: gcc -c -g -O2  conftest.c >&5
configure:7620: $? = 0
configure:7620: result: yes
configure:7620: checking for inttypes.h
configure:7620: gcc -c -g -O2  conftest.c >&5
configure:7620: $? = 0
configure:7620: result: yes
configure:7620: checking for stdint.h
configure:7620: gcc -c -g -O2  conftest.c >&5
configure:7620: $? = 0
configure:7620: result: yes
configure:7620: checking for unistd.h
configure:7620: gcc -c -g -O2  conftest.c >&5
configure:7620: $? = 0
configure:7620: result: yes
configure:7634: checking for dlfcn.h
configure:7634: gcc -c -g -O2  conftest.c >&5
configure:7634: $? = 0
configure:7634: result: yes
configure:7840: checking for objdir
configure:7855: result: .libs
configure:8126: checking if gcc supports -fno-rtti -fno-exceptions
configure:8144: gcc -c -g -O2  -fno-rtti -fno-exceptions conftest.c >&5
configure:8148: $? = 0
configure:8161: result: yes
configure:8488: checking for gcc option to produce PIC
configure:8495: result: -fno-common -DPIC
configure:8503: checking if gcc PIC flag -fno-common -DPIC works
configure:8521: gcc -c -g -O2  -fno-common -DPIC -DPIC conftest.c >&5
configure:8525: $? = 0
configure:8538: result: yes
configure:8567: checking if gcc static flag -static works
configure:8595: result: no
configure:8610: checking if gcc supports -c -o file.o
configure:8631: gcc -c -g -O2  -o out/conftest2.o conftest.c >&5
configure:8635: $? = 0
configure:8657: result: yes
configure:8665: checking if gcc supports -c -o file.o
configure:8712: result: yes
configure:8745: checking whether the gcc linker (/Library/Developer/CommandLineTools/usr/bin/ld) supports shared libraries
configure:9898: result: yes
configure:10138: checking dynamic linker characteristics
configure:10875: result: darwin18.7.0 dyld
configure:10982: checking how to hardcode library paths into programs
configure:11007: result: immediate
configure:11547: checking whether stripping libraries is possible
configure:11561: result: yes
configure:11587: checking if libtool supports shared libraries
configure:11589: result: yes
configure:11592: checking whether to build shared libraries
configure:11613: result: yes
configure:11616: checking whether to build static libraries
configure:11620: result: yes
configure:11728: checking for g++
configure:11744: found /usr/bin/g++
configure:11755: result: g++
configure:11782: checking for C++ compiler version
configure:11791: g++ --version >&5
Apple LLVM version 10.0.1 (clang-1001.0.46.4)
Target: x86_64-apple-darwin18.7.0
Thread model: posix
InstalledDir: /Library/Developer/CommandLineTools/usr/bin
Configured with: --prefix=/Library/Developer/CommandLineTools/usr --with-gxx-include-dir=/Library/Developer/CommandLineTools/SDKs/MacOSX10.14.sdk/usr/include/c++/4.2.1
configure:11802: $? = 0
configure:11791: g++ -v >&5
Configured with: --prefix=/Library/Developer/CommandLineTools/usr --with-gxx-include-dir=/Library/Developer/CommandLineTools/SDKs/MacOSX10.14.sdk/usr/include/c++/4.2.1
Apple LLVM version 10.0.1 (clang-1001.0.46.4)
Target: x86_64-apple-darwin18.7.0
Thread model: posix
InstalledDir: /Library/Developer/CommandLineTools/usr/bin
configure:11802: $? = 0
configure:11791: g++ -V >&5
clang: error: unsupported option '-V -Wno-atomic-implicit-seq-cst'
clang: error: no input files
configure:11802: $? = 1
configure:11791: g++ -qversion >&5
clang: error: unknown argument '-qversion', did you mean '--version'?
clang: error: no input files
configure:11802: $? = 1
configure:11806: checking whether we are using the GNU C++ compiler
configure:11825: g++ -c   conftest.cpp >&5
configure:11825: $? = 0
configure:11834: result: yes
configure:11843: checking whether g++ accepts -g
configure:11863: g++ -c -g  conftest.cpp >&5
configure:11863: $? = 0
configure:11904: result: yes
configure:11929: checking dependency style of g++
configure:12040: result: gcc3
configure:12073: checking how to run the C++ preprocessor
configure:12100: g++ -E  conftest.cpp
configure:12100: $? = 0
configure:12114: g++ -E  conftest.cpp
conftest.cpp:23:10: fatal error: 'ac_nonexistent.h' file not found
#include <ac_nonexistent.h>
         ^~~~~~~~~~~~~~~~~~
1 error generated.
configure:12114: $? = 1
configure: failed program was:
| /* confdefs.h */
| #define PACKAGE_NAME "MUMmer"
| #define PACKAGE_TARNAME "mummer"
| #define PACKAGE_VERSION "4.0.0rc1"
| #define PACKAGE_STRING "MUMmer 4.0.0rc1"
| #define PACKAGE_BUGREPORT "alekseyz@jhu.edu"
| #define PACKAGE_URL ""
| #define PACKAGE "mummer"
| #define VERSION "4.0.0rc1"
| #define STDC_HEADERS 1
| #define HAVE_SYS_TYPES_H 1
| #define HAVE_SYS_STAT_H 1
| #define HAVE_STDLIB_H 1
| #define HAVE_STRING_H 1
| #define HAVE_MEMORY_H 1
| #define HAVE_STRINGS_H 1
| #define HAVE_INTTYPES_H 1
| #define HAVE_STDINT_H 1
| #define HAVE_UNISTD_H 1
| #define HAVE_DLFCN_H 1
| #define LT_OBJDIR ".libs/"
| /* end confdefs.h.  */
| #include <ac_nonexistent.h>
configure:12139: result: g++ -E
configure:12159: g++ -E  conftest.cpp
configure:12159: $? = 0
configure:12173: g++ -E  conftest.cpp
conftest.cpp:23:10: fatal error: 'ac_nonexistent.h' file not found
#include <ac_nonexistent.h>
         ^~~~~~~~~~~~~~~~~~
1 error generated.
configure:12173: $? = 1
configure: failed program was:
| /* confdefs.h */
| #define PACKAGE_NAME "MUMmer"
| #define PACKAGE_TARNAME "mummer"
| #define PACKAGE_VERSION "4.0.0rc1"
| #define PACKAGE_STRING "MUMmer 4.0.0rc1"
| #define PACKAGE_BUGREPORT "alekseyz@jhu.edu"
| #define PACKAGE_URL ""
| #define PACKAGE "mummer"
| #define VERSION "4.0.0rc1"
| #define STDC_HEADERS 1
| #define HAVE_SYS_TYPES_H 1
| #define HAVE_SYS_STAT_H 1
| #define HAVE_STDLIB_H 1
| #define HAVE_STRING_H 1
| #define HAVE_MEMORY_H 1
| #define HAVE_STRINGS_H 1
| #define HAVE_INTTYPES_H 1
| #define HAVE_STDINT_H 1
| #define HAVE_UNISTD_H 1
| #define HAVE_DLFCN_H 1
| #define LT_OBJDIR ".libs/"
| /* end confdefs.h.  */
| #include <ac_nonexistent.h>
configure:12342: checking for ld used by g++
configure:12409: result: /Library/Developer/CommandLineTools/usr/bin/ld
configure:12416: checking if the linker (/Library/Developer/CommandLineTools/usr/bin/ld) is GNU ld
configure:12431: result: no
configure:12486: checking whether the g++ linker (/Library/Developer/CommandLineTools/usr/bin/ld) supports shared libraries
configure:13491: result: yes
configure:13527: g++ -c -g -O2  conftest.cpp >&5
configure:13530: $? = 0
configure:14050: checking for g++ option to produce PIC
configure:14057: result: -fno-common -DPIC
configure:14065: checking if g++ PIC flag -fno-common -DPIC works
configure:14083: g++ -c -g -O2  -fno-common -DPIC -DPIC conftest.cpp >&5
configure:14087: $? = 0
configure:14100: result: yes
configure:14123: checking if g++ static flag -static works
configure:14151: result: no
configure:14163: checking if g++ supports -c -o file.o
configure:14184: g++ -c -g -O2  -o out/conftest2.o conftest.cpp >&5
configure:14188: $? = 0
configure:14210: result: yes
configure:14215: checking if g++ supports -c -o file.o
configure:14262: result: yes
configure:14292: checking whether the g++ linker (/Library/Developer/CommandLineTools/usr/bin/ld) supports shared libraries
configure:14328: result: yes
configure:14469: checking dynamic linker characteristics
configure:15140: result: darwin18.7.0 dyld
configure:15193: checking how to hardcode library paths into programs
configure:15218: result: immediate
configure:15306: checking for gcc
configure:15333: result: gcc
configure:15562: checking for C compiler version
configure:15571: gcc --version >&5
Apple LLVM version 10.0.1 (clang-1001.0.46.4)
Target: x86_64-apple-darwin18.7.0
Thread model: posix
InstalledDir: /Library/Developer/CommandLineTools/usr/bin
Configured with: --prefix=/Library/Developer/CommandLineTools/usr --with-gxx-include-dir=/Library/Developer/CommandLineTools/SDKs/MacOSX10.14.sdk/usr/include/c++/4.2.1
configure:15582: $? = 0
configure:15571: gcc -v >&5
Configured with: --prefix=/Library/Developer/CommandLineTools/usr --with-gxx-include-dir=/Library/Developer/CommandLineTools/SDKs/MacOSX10.14.sdk/usr/include/c++/4.2.1
Apple LLVM version 10.0.1 (clang-1001.0.46.4)
Target: x86_64-apple-darwin18.7.0
Thread model: posix
InstalledDir: /Library/Developer/CommandLineTools/usr/bin
configure:15582: $? = 0
configure:15571: gcc -V >&5
clang: error: unsupported option '-V -Wno-atomic-implicit-seq-cst'
clang: error: no input files
configure:15582: $? = 1
configure:15571: gcc -qversion >&5
clang: error: unknown argument '-qversion', did you mean '--version'?
clang: error: no input files
configure:15582: $? = 1
configure:15586: checking whether we are using the GNU C compiler
configure:15614: result: yes
configure:15623: checking whether gcc accepts -g
configure:15684: result: yes
configure:15701: checking for gcc option to accept ISO C89
configure:15777: result: none needed
configure:15802: checking whether gcc understands -c and -o together
configure:15839: result: yes
configure:15858: checking dependency style of gcc
configure:15969: result: gcc3
configure:15986: checking for env
configure:16004: found /usr/bin/env
configure:16016: result: /usr/bin/env
configure:16043: checking for OpenMP flag of C++ compiler
configure:16087: g++ -o conftest -DNDEBUG -std=c++0x -g -O2 -fopenmp   conftest.cpp  >&5
clang: error: unsupported option '-fopenmp'
clang: error: unsupported option '-fopenmp'
configure:16087: $? = 1
configure: failed program was:
| /* confdefs.h */
| #define PACKAGE_NAME "MUMmer"
| #define PACKAGE_TARNAME "mummer"
| #define PACKAGE_VERSION "4.0.0rc1"
| #define PACKAGE_STRING "MUMmer 4.0.0rc1"
| #define PACKAGE_BUGREPORT "alekseyz@jhu.edu"
| #define PACKAGE_URL ""
| #define PACKAGE "mummer"
| #define VERSION "4.0.0rc1"
| #define STDC_HEADERS 1
| #define HAVE_SYS_TYPES_H 1
| #define HAVE_SYS_STAT_H 1
| #define HAVE_STDLIB_H 1
| #define HAVE_STRING_H 1
| #define HAVE_MEMORY_H 1
| #define HAVE_STRINGS_H 1
| #define HAVE_INTTYPES_H 1
| #define HAVE_STDINT_H 1
| #define HAVE_UNISTD_H 1
| #define HAVE_DLFCN_H 1
| #define LT_OBJDIR ".libs/"
| /* end confdefs.h.  */
| 
| #ifdef _OPENMP
| #include <omp.h>
| #endif
| 
| static void
| parallel_fill(int * data, int n)
| {
|   int i;
| #pragma omp parallel for
|   for (i = 0; i < n; ++i)
|     data[i] = i;
| }
| 
| int
| main()
| {
|   int arr[100000];
|   omp_set_num_threads(2);
|   parallel_fill(arr, 100000);
|   return 0;
| }
| 
configure:16087: g++ -o conftest -DNDEBUG -std=c++0x -g -O2 -openmp   conftest.cpp  >&5
conftest.cpp:41:3: error: use of undeclared identifier 'omp_set_num_threads'
  omp_set_num_threads(2);
  ^
1 error generated.
configure:16087: $? = 1
configure: failed program was:
| /* confdefs.h */
| #define PACKAGE_NAME "MUMmer"
| #define PACKAGE_TARNAME "mummer"
| #define PACKAGE_VERSION "4.0.0rc1"
| #define PACKAGE_STRING "MUMmer 4.0.0rc1"
| #define PACKAGE_BUGREPORT "alekseyz@jhu.edu"
| #define PACKAGE_URL ""
| #define PACKAGE "mummer"
| #define VERSION "4.0.0rc1"
| #define STDC_HEADERS 1
| #define HAVE_SYS_TYPES_H 1
| #define HAVE_SYS_STAT_H 1
| #define HAVE_STDLIB_H 1
| #define HAVE_STRING_H 1
| #define HAVE_MEMORY_H 1
| #define HAVE_STRINGS_H 1
| #define HAVE_INTTYPES_H 1
| #define HAVE_STDINT_H 1
| #define HAVE_UNISTD_H 1
| #define HAVE_DLFCN_H 1
| #define LT_OBJDIR ".libs/"
| /* end confdefs.h.  */
| 
| #ifdef _OPENMP
| #include <omp.h>
| #endif
| 
| static void
| parallel_fill(int * data, int n)
| {
|   int i;
| #pragma omp parallel for
|   for (i = 0; i < n; ++i)
|     data[i] = i;
| }
| 
| int
| main()
| {
|   int arr[100000];
|   omp_set_num_threads(2);
|   parallel_fill(arr, 100000);
|   return 0;
| }
| 
configure:16087: g++ -o conftest -DNDEBUG -std=c++0x -g -O2 -mp   conftest.cpp  >&5
clang: error: unknown argument '-mp', did you mean '-mtp='?
configure:16087: $? = 1
configure: failed program was:
| /* confdefs.h */
| #define PACKAGE_NAME "MUMmer"
| #define PACKAGE_TARNAME "mummer"
| #define PACKAGE_VERSION "4.0.0rc1"
| #define PACKAGE_STRING "MUMmer 4.0.0rc1"
| #define PACKAGE_BUGREPORT "alekseyz@jhu.edu"
| #define PACKAGE_URL ""
| #define PACKAGE "mummer"
| #define VERSION "4.0.0rc1"
| #define STDC_HEADERS 1
| #define HAVE_SYS_TYPES_H 1
| #define HAVE_SYS_STAT_H 1
| #define HAVE_STDLIB_H 1
| #define HAVE_STRING_H 1
| #define HAVE_MEMORY_H 1
| #define HAVE_STRINGS_H 1
| #define HAVE_INTTYPES_H 1
| #define HAVE_STDINT_H 1
| #define HAVE_UNISTD_H 1
| #define HAVE_DLFCN_H 1
| #define LT_OBJDIR ".libs/"
| /* end confdefs.h.  */
| 
| #ifdef _OPENMP
| #include <omp.h>
| #endif
| 
| static void
| parallel_fill(int * data, int n)
| {
|   int i;
| #pragma omp parallel for
|   for (i = 0; i < n; ++i)
|     data[i] = i;
| }
| 
| int
| main()
| {
|   int arr[100000];
|   omp_set_num_threads(2);
|   parallel_fill(arr, 100000);
|   return 0;
| }
| 
configure:16087: g++ -o conftest -DNDEBUG -std=c++0x -g -O2 -xopenmp   conftest.cpp  >&5
clang: error: language not recognized: 'openmp'
configure:16087: $? = 1
configure: failed program was:
| /* confdefs.h */
| #define PACKAGE_NAME "MUMmer"
| #define PACKAGE_TARNAME "mummer"
| #define PACKAGE_VERSION "4.0.0rc1"
| #define PACKAGE_STRING "MUMmer 4.0.0rc1"
| #define PACKAGE_BUGREPORT "alekseyz@jhu.edu"
| #define PACKAGE_URL ""
| #define PACKAGE "mummer"
| #define VERSION "4.0.0rc1"
| #define STDC_HEADERS 1
| #define HAVE_SYS_TYPES_H 1
| #define HAVE_SYS_STAT_H 1
| #define HAVE_STDLIB_H 1
| #define HAVE_STRING_H 1
| #define HAVE_MEMORY_H 1
| #define HAVE_STRINGS_H 1
| #define HAVE_INTTYPES_H 1
| #define HAVE_STDINT_H 1
| #define HAVE_UNISTD_H 1
| #define HAVE_DLFCN_H 1
| #define LT_OBJDIR ".libs/"
| /* end confdefs.h.  */
| 
| #ifdef _OPENMP
| #include <omp.h>
| #endif
| 
| static void
| parallel_fill(int * data, int n)
| {
|   int i;
| #pragma omp parallel for
|   for (i = 0; i < n; ++i)
|     data[i] = i;
| }
| 
| int
| main()
| {
|   int arr[100000];
|   omp_set_num_threads(2);
|   parallel_fill(arr, 100000);
|   return 0;
| }
| 
configure:16087: g++ -o conftest -DNDEBUG -std=c++0x -g -O2 -omp   conftest.cpp  >&5
conftest.cpp:41:3: error: use of undeclared identifier 'omp_set_num_threads'
  omp_set_num_threads(2);
  ^
1 error generated.
configure:16087: $? = 1
configure: failed program was:
| /* confdefs.h */
| #define PACKAGE_NAME "MUMmer"
| #define PACKAGE_TARNAME "mummer"
| #define PACKAGE_VERSION "4.0.0rc1"
| #define PACKAGE_STRING "MUMmer 4.0.0rc1"
| #define PACKAGE_BUGREPORT "alekseyz@jhu.edu"
| #define PACKAGE_URL ""
| #define PACKAGE "mummer"
| #define VERSION "4.0.0rc1"
| #define STDC_HEADERS 1
| #define HAVE_SYS_TYPES_H 1
| #define HAVE_SYS_STAT_H 1
| #define HAVE_STDLIB_H 1
| #define HAVE_STRING_H 1
| #define HAVE_MEMORY_H 1
| #define HAVE_STRINGS_H 1
| #define HAVE_INTTYPES_H 1
| #define HAVE_STDINT_H 1
| #define HAVE_UNISTD_H 1
| #define HAVE_DLFCN_H 1
| #define LT_OBJDIR ".libs/"
| /* end confdefs.h.  */
| 
| #ifdef _OPENMP
| #include <omp.h>
| #endif
| 
| static void
| parallel_fill(int * data, int n)
| {
|   int i;
| #pragma omp parallel for
|   for (i = 0; i < n; ++i)
|     data[i] = i;
| }
| 
| int
| main()
| {
|   int arr[100000];
|   omp_set_num_threads(2);
|   parallel_fill(arr, 100000);
|   return 0;
| }
| 
configure:16087: g++ -o conftest -DNDEBUG -std=c++0x -g -O2 -qsmp=omp   conftest.cpp  >&5
clang: error: unknown argument: '-qsmp=omp'
configure:16087: $? = 1
configure: failed program was:
| /* confdefs.h */
| #define PACKAGE_NAME "MUMmer"
| #define PACKAGE_TARNAME "mummer"
| #define PACKAGE_VERSION "4.0.0rc1"
| #define PACKAGE_STRING "MUMmer 4.0.0rc1"
| #define PACKAGE_BUGREPORT "alekseyz@jhu.edu"
| #define PACKAGE_URL ""
| #define PACKAGE "mummer"
| #define VERSION "4.0.0rc1"
| #define STDC_HEADERS 1
| #define HAVE_SYS_TYPES_H 1
| #define HAVE_SYS_STAT_H 1
| #define HAVE_STDLIB_H 1
| #define HAVE_STRING_H 1
| #define HAVE_MEMORY_H 1
| #define HAVE_STRINGS_H 1
| #define HAVE_INTTYPES_H 1
| #define HAVE_STDINT_H 1
| #define HAVE_UNISTD_H 1
| #define HAVE_DLFCN_H 1
| #define LT_OBJDIR ".libs/"
| /* end confdefs.h.  */
| 
| #ifdef _OPENMP
| #include <omp.h>
| #endif
| 
| static void
| parallel_fill(int * data, int n)
| {
|   int i;
| #pragma omp parallel for
|   for (i = 0; i < n; ++i)
|     data[i] = i;
| }
| 
| int
| main()
| {
|   int arr[100000];
|   omp_set_num_threads(2);
|   parallel_fill(arr, 100000);
|   return 0;
| }
| 
configure:16087: g++ -o conftest    conftest.cpp  >&5
conftest.cpp:41:3: error: use of undeclared identifier 'omp_set_num_threads'
  omp_set_num_threads(2);
  ^
1 error generated.
configure:16087: $? = 1
configure: failed program was:
| /* confdefs.h */
| #define PACKAGE_NAME "MUMmer"
| #define PACKAGE_TARNAME "mummer"
| #define PACKAGE_VERSION "4.0.0rc1"
| #define PACKAGE_STRING "MUMmer 4.0.0rc1"
| #define PACKAGE_BUGREPORT "alekseyz@jhu.edu"
| #define PACKAGE_URL ""
| #define PACKAGE "mummer"
| #define VERSION "4.0.0rc1"
| #define STDC_HEADERS 1
| #define HAVE_SYS_TYPES_H 1
| #define HAVE_SYS_STAT_H 1
| #define HAVE_STDLIB_H 1
| #define HAVE_STRING_H 1
| #define HAVE_MEMORY_H 1
| #define HAVE_STRINGS_H 1
| #define HAVE_INTTYPES_H 1
| #define HAVE_STDINT_H 1
| #define HAVE_UNISTD_H 1
| #define HAVE_DLFCN_H 1
| #define LT_OBJDIR ".libs/"
| /* end confdefs.h.  */
| 
| #ifdef _OPENMP
| #include <omp.h>
| #endif
| 
| static void
| parallel_fill(int * data, int n)
| {
|   int i;
| #pragma omp parallel for
|   for (i = 0; i < n; ++i)
|     data[i] = i;
| }
| 
| int
| main()
| {
|   int arr[100000];
|   omp_set_num_threads(2);
|   parallel_fill(arr, 100000);
|   return 0;
| }
| 
configure:16096: result: unknown
configure:16120: checking for yaggo
configure:16151: result: false
configure:16168: checking for gnuplot
configure:16186: found /usr/local/bin/gnuplot
configure:16198: result: /usr/local/bin/gnuplot
configure:16222: checking for __int128
configure:16222: g++ -c -DNDEBUG -std=c++0x -g -O2  conftest.cpp >&5
configure:16222: $? = 0
configure:16222: g++ -c -DNDEBUG -std=c++0x -g -O2  conftest.cpp >&5
conftest.cpp:59:23: error: expected expression
if (sizeof ((__int128)))
                      ^
1 error generated.
configure:16222: $? = 1
configure: failed program was:
| /* confdefs.h */
| #define PACKAGE_NAME "MUMmer"
| #define PACKAGE_TARNAME "mummer"
| #define PACKAGE_VERSION "4.0.0rc1"
| #define PACKAGE_STRING "MUMmer 4.0.0rc1"
| #define PACKAGE_BUGREPORT "alekseyz@jhu.edu"
| #define PACKAGE_URL ""
| #define PACKAGE "mummer"
| #define VERSION "4.0.0rc1"
| #define STDC_HEADERS 1
| #define HAVE_SYS_TYPES_H 1
| #define HAVE_SYS_STAT_H 1
| #define HAVE_STDLIB_H 1
| #define HAVE_STRING_H 1
| #define HAVE_MEMORY_H 1
| #define HAVE_STRINGS_H 1
| #define HAVE_INTTYPES_H 1
| #define HAVE_STDINT_H 1
| #define HAVE_UNISTD_H 1
| #define HAVE_DLFCN_H 1
| #define LT_OBJDIR ".libs/"
| /* end confdefs.h.  */
| #include <stdio.h>
| #ifdef HAVE_SYS_TYPES_H
| # include <sys/types.h>
| #endif
| #ifdef HAVE_SYS_STAT_H
| # include <sys/stat.h>
| #endif
| #ifdef STDC_HEADERS
| # include <stdlib.h>
| # include <stddef.h>
| #else
| # ifdef HAVE_STDLIB_H
| #  include <stdlib.h>
| # endif
| #endif
| #ifdef HAVE_STRING_H
| # if !defined STDC_HEADERS && defined HAVE_MEMORY_H
| #  include <memory.h>
| # endif
| # include <string.h>
| #endif
| #ifdef HAVE_STRINGS_H
| # include <strings.h>
| #endif
| #ifdef HAVE_INTTYPES_H
| # include <inttypes.h>
| #endif
| #ifdef HAVE_STDINT_H
| # include <stdint.h>
| #endif
| #ifdef HAVE_UNISTD_H
| # include <unistd.h>
| #endif
| int
| main ()
| {
| if (sizeof ((__int128)))
| 	    return 0;
|   ;
|   return 0;
| }
configure:16222: result: yes
configure:16233: checking if std::thread::sleep_for is supported
configure:16247: g++ -c -DNDEBUG -std=c++0x -g -O2  conftest.cpp >&5
configure:16247: $? = 0
configure:16248: result: yes
configure:16988: checking for perl
configure:17006: found /anaconda3/bin/perl
configure:17018: result: /anaconda3/bin/perl
configure:17036: checking for Perl prefix
configure:17041: result: .../..
configure:17049: checking for Perl extension include path
configure:17054: result: /anaconda3/lib/5.26.2/darwin-thread-multi-2level/CORE
configure:17062: checking for Perl extension target directory
configure:17067: result: .../../lib/site_perl/5.26.2/darwin-thread-multi-2level
configure:17075: checking for Perl extensions C preprocessor flags
configure:17080: result: -no-cpp-precomp -fno-common -DPERL_DARWIN -no-cpp-precomp -mmacosx-version-min=10.9 -fno-strict-aliasing -pipe -fstack-protector-strong
configure:17088: checking for Perl extensions linker flags
configure:17101: result: -Wl,-pie -Wl,-headerpad_max_install_names -Wl,-dead_strip_dylibs -Wl,-rpath,/anaconda3/lib -L/anaconda3/lib -mmacosx-version-min=10.9 -bundle -undefined dynamic_lookup --sysroot /Applications/Xcode.app/Contents/Developer/Platforms/MacOSX.platform/Developer/SDKs/MacOSX10.9.sdk -fstack-protector-strong
configure:17119: compiling with flags: CXXFLAGS=-DNDEBUG -std=c++0x -g -O2
configure:17233: checking that generated files are newer than configure
configure:17239: result: done
configure:17286: creating ./config.status

## ---------------------- ##
## Running config.status. ##
## ---------------------- ##

This file was extended by MUMmer config.status 4.0.0rc1, which was
generated by GNU Autoconf 2.69.  Invocation command line was

  CONFIG_FILES    = 
  CONFIG_HEADERS  = 
  CONFIG_LINKS    = 
  CONFIG_COMMANDS = 
  $ ./config.status 

on Phillips-MacBook-Pro.local

config.status:1177: creating Makefile
config.status:1177: creating mummer.pc
config.status:1177: creating config.h
config.status:1406: executing depfiles commands
config.status:1406: executing libtool commands

## ---------------- ##
## Cache variables. ##
## ---------------- ##

ac_cv_build=x86_64-apple-darwin18.7.0
ac_cv_c_compiler_gnu=yes
ac_cv_cxx_compiler_gnu=yes
ac_cv_env_CCC_set=
ac_cv_env_CCC_value=
ac_cv_env_CC_set=
ac_cv_env_CC_value=
ac_cv_env_CFLAGS_set=
ac_cv_env_CFLAGS_value=
ac_cv_env_CPPFLAGS_set=
ac_cv_env_CPPFLAGS_value=
ac_cv_env_CPP_set=
ac_cv_env_CPP_value=
ac_cv_env_CXXCPP_set=
ac_cv_env_CXXCPP_value=
ac_cv_env_CXXFLAGS_set=
ac_cv_env_CXXFLAGS_value=
ac_cv_env_CXX_set=
ac_cv_env_CXX_value=
ac_cv_env_GNUPLOT_set=
ac_cv_env_GNUPLOT_value=
ac_cv_env_LDFLAGS_set=
ac_cv_env_LDFLAGS_value=
ac_cv_env_LIBS_set=
ac_cv_env_LIBS_value=
ac_cv_env_PERL_EXT_CPPFLAGS_set=
ac_cv_env_PERL_EXT_CPPFLAGS_value=
ac_cv_env_PERL_EXT_INC_set=
ac_cv_env_PERL_EXT_INC_value=
ac_cv_env_PERL_EXT_LDFLAGS_set=
ac_cv_env_PERL_EXT_LDFLAGS_value=
ac_cv_env_PERL_EXT_LIB_set=
ac_cv_env_PERL_EXT_LIB_value=
ac_cv_env_PERL_EXT_PREFIX_set=
ac_cv_env_PERL_EXT_PREFIX_value=
ac_cv_env_PYTHON_VERSION_set=
ac_cv_env_PYTHON_VERSION_value=
ac_cv_env_RUBY_set=
ac_cv_env_RUBY_value=
ac_cv_env_YAGGO_set=
ac_cv_env_YAGGO_value=
ac_cv_env_build_alias_set=
ac_cv_env_build_alias_value=
ac_cv_env_host_alias_set=
ac_cv_env_host_alias_value=
ac_cv_env_target_alias_set=
ac_cv_env_target_alias_value=
ac_cv_header_dlfcn_h=yes
ac_cv_header_inttypes_h=yes
ac_cv_header_memory_h=yes
ac_cv_header_stdc=yes
ac_cv_header_stdint_h=yes
ac_cv_header_stdlib_h=yes
ac_cv_header_string_h=yes
ac_cv_header_strings_h=yes
ac_cv_header_sys_stat_h=yes
ac_cv_header_sys_types_h=yes
ac_cv_header_unistd_h=yes
ac_cv_host=x86_64-apple-darwin18.7.0
ac_cv_objext=o
ac_cv_path_EGREP='/usr/bin/grep -E'
ac_cv_path_ENV_PROG=/usr/bin/env
ac_cv_path_FGREP='/usr/bin/grep -F'
ac_cv_path_GNUPLOT=/usr/local/bin/gnuplot
ac_cv_path_GREP=/usr/bin/grep
ac_cv_path_PERL=/anaconda3/bin/perl
ac_cv_path_SED=/usr/bin/sed
ac_cv_path_YAGGO=false
ac_cv_path_install='/usr/bin/install -c'
ac_cv_prog_AWK=awk
ac_cv_prog_CPP='gcc -E'
ac_cv_prog_CXXCPP='g++ -E'
ac_cv_prog_ac_ct_AR=ar
ac_cv_prog_ac_ct_CC=gcc
ac_cv_prog_ac_ct_CXX=g++
ac_cv_prog_ac_ct_DSYMUTIL=dsymutil
ac_cv_prog_ac_ct_LIPO=lipo
ac_cv_prog_ac_ct_NMEDIT=nmedit
ac_cv_prog_ac_ct_OBJDUMP=objdump
ac_cv_prog_ac_ct_OTOOL=otool
ac_cv_prog_ac_ct_RANLIB=ranlib
ac_cv_prog_ac_ct_STRIP=strip
ac_cv_prog_cc_c89=
ac_cv_prog_cc_g=yes
ac_cv_prog_cxx_g=yes
ac_cv_prog_make_make_set=yes
ac_cv_type___int128=yes
am_cv_CC_dependencies_compiler_type=gcc3
am_cv_CXX_dependencies_compiler_type=gcc3
am_cv_make_support_nested_variables=yes
am_cv_prog_cc_c_o=yes
ax_cv_cxx_openmp=unknown
lt_cv_apple_cc_single_mod=yes
lt_cv_ar_at_file=no
lt_cv_deplibs_check_method=pass_all
lt_cv_file_magic_cmd='$MAGIC_CMD'
lt_cv_file_magic_test_file=
lt_cv_ld_exported_symbols_list=yes
lt_cv_ld_force_load=yes
lt_cv_ld_reload_flag=-r
lt_cv_nm_interface='BSD nm'
lt_cv_objdir=.libs
lt_cv_path_LD=/Library/Developer/CommandLineTools/usr/bin/ld
lt_cv_path_LDCXX=/Library/Developer/CommandLineTools/usr/bin/ld
lt_cv_path_NM='/usr/bin/nm -B'
lt_cv_path_mainfest_tool=no
lt_cv_prog_compiler_c_o=yes
lt_cv_prog_compiler_c_o_CXX=yes
lt_cv_prog_compiler_pic='-fno-common -DPIC'
lt_cv_prog_compiler_pic_CXX='-fno-common -DPIC'
lt_cv_prog_compiler_pic_works=yes
lt_cv_prog_compiler_pic_works_CXX=yes
lt_cv_prog_compiler_rtti_exceptions=yes
lt_cv_prog_compiler_static_works=no
lt_cv_prog_compiler_static_works_CXX=no
lt_cv_prog_gnu_ld=no
lt_cv_prog_gnu_ldcxx=no
lt_cv_sharedlib_from_linklib_cmd='printf %s\n'
lt_cv_sys_global_symbol_pipe='sed -n -e '\''s/^.*[	 ]\([BCDEGRST][BCDEGRST]*\)[	 ][	 ]*_\([_A-Za-z][_A-Za-z0-9]*\)$/\1 _\2 \2/p'\'' | sed '\''/ __gnu_lto/d'\'''
lt_cv_sys_global_symbol_to_c_name_address='sed -n -e '\''s/^: \([^ ]*\)[ ]*$/  {\"\1\", (void *) 0},/p'\'' -e '\''s/^[BCDEGRST]* \([^ ]*\) \([^ ]*\)$/  {"\2", (void *) \&\2},/p'\'''
lt_cv_sys_global_symbol_to_c_name_address_lib_prefix='sed -n -e '\''s/^: \([^ ]*\)[ ]*$/  {\"\1\", (void *) 0},/p'\'' -e '\''s/^[BCDEGRST]* \([^ ]*\) \(lib[^ ]*\)$/  {"\2", (void *) \&\2},/p'\'' -e '\''s/^[BCDEGRST]* \([^ ]*\) \([^ ]*\)$/  {"lib\2", (void *) \&\2},/p'\'''
lt_cv_sys_global_symbol_to_cdecl='sed -n -e '\''s/^T .* \(.*\)$/extern int \1();/p'\'' -e '\''s/^[BCDEGRST]* .* \(.*\)$/extern char \1;/p'\'''
lt_cv_sys_max_cmd_len=196608
lt_cv_to_host_file_cmd=func_convert_file_noop
lt_cv_to_tool_file_cmd=func_convert_file_noop

## ----------------- ##
## Output variables. ##
## ----------------- ##

ACLOCAL='${SHELL} /Users/phillipcompeau/go/src/Assembly/mummer-4.0.0rc1/missing aclocal-1.15'
AMDEPBACKSLASH='\'
AMDEP_FALSE='#'
AMDEP_TRUE=''
AMTAR='$${TAR-tar}'
AM_BACKSLASH='\'
AM_DEFAULT_V='$(AM_DEFAULT_VERBOSITY)'
AM_DEFAULT_VERBOSITY='0'
AM_V='$(V)'
AR='ar'
AUTOCONF='${SHELL} /Users/phillipcompeau/go/src/Assembly/mummer-4.0.0rc1/missing autoconf'
AUTOHEADER='${SHELL} /Users/phillipcompeau/go/src/Assembly/mummer-4.0.0rc1/missing autoheader'
AUTOMAKE='${SHELL} /Users/phillipcompeau/go/src/Assembly/mummer-4.0.0rc1/missing automake-1.15'
AWK='awk'
CC='gcc'
CCDEPMODE='depmode=gcc3'
CFLAGS='-g -O2'
CPP='gcc -E'
CPPFLAGS=''
CXX='g++'
CXXCPP='g++ -E'
CXXDEPMODE='depmode=gcc3'
CXXFLAGS='-DNDEBUG -std=c++0x -g -O2'
CYGPATH_W='echo'
DEFS='-DHAVE_CONFIG_H'
DEPDIR='.deps'
DLLTOOL='false'
DSYMUTIL='dsymutil'
DUMPBIN=''
ECHO_C='\c'
ECHO_N=''
ECHO_T=''
EGREP='/usr/bin/grep -E'
ENV_PROG='/usr/bin/env'
EXEEXT=''
EXTRA_CXXFLAGS=' '
FGREP='/usr/bin/grep -F'
GNUPLOT='/usr/local/bin/gnuplot'
GREP='/usr/bin/grep'
HAVE_SWIG_FALSE=''
HAVE_SWIG_TRUE='#'
INSTALL_DATA='${INSTALL} -m 644'
INSTALL_PROGRAM='${INSTALL}'
INSTALL_SCRIPT='${INSTALL}'
INSTALL_STRIP_PROGRAM='$(install_sh) -c -s'
LD='/Library/Developer/CommandLineTools/usr/bin/ld'
LDFLAGS=''
LIBOBJS=''
LIBS=''
LIBTOOL='$(SHELL) $(top_builddir)/libtool'
LIPO='lipo'
LN_S='ln -s'
LTLIBOBJS=''
MAKEINFO='${SHELL} /Users/phillipcompeau/go/src/Assembly/mummer-4.0.0rc1/missing makeinfo'
MANIFEST_TOOL=':'
MKDIR_P='./install-sh -c -d'
NM='/usr/bin/nm -B'
NMEDIT='nmedit'
OBJDUMP='objdump'
OBJEXT='o'
OTOOL64=':'
OTOOL='otool'
PACKAGE='mummer'
PACKAGE_BUGREPORT='alekseyz@jhu.edu'
PACKAGE_NAME='MUMmer'
PACKAGE_STRING='MUMmer 4.0.0rc1'
PACKAGE_TARNAME='mummer'
PACKAGE_URL=''
PACKAGE_VERSION='4.0.0rc1'
PATH_SEPARATOR=':'
PERL='/anaconda3/bin/perl'
PERL_BINDING_FALSE=''
PERL_BINDING_TRUE='#'
PERL_EXT_CPPFLAGS='-no-cpp-precomp -fno-common -DPERL_DARWIN -no-cpp-precomp -mmacosx-version-min=10.9 -fno-strict-aliasing -pipe -fstack-protector-strong'
PERL_EXT_INC='/anaconda3/lib/5.26.2/darwin-thread-multi-2level/CORE'
PERL_EXT_LDFLAGS='-Wl,-pie -Wl,-headerpad_max_install_names -Wl,-dead_strip_dylibs -Wl,-rpath,/anaconda3/lib -L/anaconda3/lib -mmacosx-version-min=10.9 -bundle -undefined dynamic_lookup --sysroot /Applications/Xcode.app/Contents/Developer/Platforms/MacOSX.platform/Developer/SDKs/MacOSX10.9.sdk -fstack-protector-strong'
PERL_EXT_LIB='.../../lib/site_perl/5.26.2/darwin-thread-multi-2level'
PERL_EXT_PREFIX='.../..'
PYTHON=''
PYTHON_BINDING_FALSE=''
PYTHON_BINDING_TRUE='#'
PYTHON_CPPFLAGS=''
PYTHON_EXTRA_LDFLAGS=''
PYTHON_EXTRA_LIBS=''
PYTHON_LDFLAGS=''
PYTHON_SITE_PKG=''
PYTHON_VERSION=''
RANLIB='ranlib'
RUBY=''
RUBY_BINDING_FALSE=''
RUBY_BINDING_TRUE='#'
RUBY_EXT_CFLAGS=''
RUBY_EXT_LDFLAGS=''
RUBY_EXT_LIB=''
RUBY_EXT_LIBS=''
RUBY_VERSION=''
SED='/usr/bin/sed'
SET_MAKE=''
SHELL='/bin/sh'
STRIP='strip'
SWIG=''
SWIG_LIB=''
VERSION='4.0.0rc1'
YAGGO='false'
ac_ct_AR='ar'
ac_ct_CC='gcc'
ac_ct_CXX='g++'
ac_ct_DUMPBIN=''
am__EXEEXT_FALSE=''
am__EXEEXT_TRUE='#'
am__fastdepCC_FALSE='#'
am__fastdepCC_TRUE=''
am__fastdepCXX_FALSE='#'
am__fastdepCXX_TRUE=''
am__include='include'
am__isrc=''
am__leading_dot='.'
am__nodep='_no'
am__quote=''
am__tar='$${TAR-tar} chof - "$$tardir"'
am__untar='$${TAR-tar} xf -'
bindir='${exec_prefix}/bin'
build='x86_64-apple-darwin18.7.0'
build_alias=''
build_cpu='x86_64'
build_os='darwin18.7.0'
build_vendor='apple'
datadir='${datarootdir}'
datarootdir='${prefix}/share'
docdir='${datarootdir}/doc/${PACKAGE_TARNAME}'
dvidir='${docdir}'
exec_prefix='${prefix}'
host='x86_64-apple-darwin18.7.0'
host_alias=''
host_cpu='x86_64'
host_os='darwin18.7.0'
host_vendor='apple'
htmldir='${docdir}'
includedir='${prefix}/include'
infodir='${datarootdir}/info'
install_sh='${SHELL} /Users/phillipcompeau/go/src/Assembly/mummer-4.0.0rc1/install-sh'
libdir='${exec_prefix}/lib'
libexecdir='${exec_prefix}/libexec'
localedir='${datarootdir}/locale'
localstatedir='${prefix}/var'
mandir='${datarootdir}/man'
mkdir_p='$(MKDIR_P)'
oldincludedir='/usr/include'
pdfdir='${docdir}'
prefix='/usr/local'
program_transform_name='s,x,x,'
psdir='${docdir}'
sbindir='${exec_prefix}/sbin'
sharedstatedir='${prefix}/com'
sysconfdir='${prefix}/etc'
target_alias=''

## ----------- ##
## confdefs.h. ##
## ----------- ##

/* confdefs.h */
#define PACKAGE_NAME "MUMmer"
#define PACKAGE_TARNAME "mummer"
#define PACKAGE_VERSION "4.0.0rc1"
#define PACKAGE_STRING "MUMmer 4.0.0rc1"
#define PACKAGE_BUGREPORT "alekseyz@jhu.edu"
#define PACKAGE_URL ""
#define PACKAGE "mummer"
#define VERSION "4.0.0rc1"
#define STDC_HEADERS 1
#define HAVE_SYS_TYPES_H 1
#define HAVE_SYS_STAT_H 1
#define HAVE_STDLIB_H 1
#define HAVE_STRING_H 1
#define HAVE_MEMORY_H 1
#define HAVE_STRINGS_H 1
#define HAVE_INTTYPES_H 1
#define HAVE_STDINT_H 1
#define HAVE_UNISTD_H 1
#define HAVE_DLFCN_H 1
#define LT_OBJDIR ".libs/"
#define HAVE_INT128 1

configure: exit 0
